medmax/app/build/outputs/logs/manifest-merger-debug-report.txt
-- Merging decision tree log ---
manifest
ADDED from src\main\AndroidManifest.xml:2:1-86:12
	package
		ADDED from src\main\AndroidManifest.xml:3:5-38
		INJECTED from src\main\AndroidManifest.xml
		INJECTED from src\main\AndroidManifest.xml
	android:versionName
		INJECTED from src\main\AndroidManifest.xml
		INJECTED from src\main\AndroidManifest.xml
	xmlns:android
		ADDED from src\main\AndroidManifest.xml:2:11-69
	android:versionCode
		INJECTED from src\main\AndroidManifest.xml
		INJECTED from src\main\AndroidManifest.xml
uses-permission#android.permission.INTERNET
ADDED from src\main\AndroidManifest.xml:5:5-67
	android:name
		ADDED from src\main\AndroidManifest.xml:5:22-64
uses-permission#android.permission.ACCESS_NETWORK_STATE
ADDED from src\main\AndroidManifest.xml:6:5-79
	android:name
		ADDED from src\main\AndroidManifest.xml:6:22-76
application
ADDED from src\main\AndroidManifest.xml:8:5-84:19
MERGED from [com.android.support:appcompat-v7:23.4.0] AndroidManifest.xml:25:5-20
MERGED from [com.android.support:animated-vector-drawable:23.4.0] AndroidManifest.xml:7:5-20
MERGED from [com.android.support:support-vector-drawable:23.4.0] AndroidManifest.xml:7:5-20
MERGED from [com.android.support:support-v4:23.4.0] AndroidManifest.xml:22:5-20
MERGED from [com.android.support:support-v4:23.4.0] AndroidManifest.xml:22:5-20
MERGED from [com.android.support:support-vector-drawable:23.4.0] AndroidManifest.xml:7:5-20
MERGED from [com.android.support:support-v4:23.4.0] AndroidManifest.xml:22:5-20
MERGED from [com.android.support:design:23.4.0] AndroidManifest.xml:22:5-20
MERGED from [com.android.support:support-v4:23.4.0] AndroidManifest.xml:22:5-20
MERGED from [com.android.support:appcompat-v7:23.4.0] AndroidManifest.xml:25:5-20
MERGED from [com.android.support:animated-vector-drawable:23.4.0] AndroidManifest.xml:7:5-20
MERGED from [com.android.support:support-vector-drawable:23.4.0] AndroidManifest.xml:7:5-20
MERGED from [com.android.support:support-v4:23.4.0] AndroidManifest.xml:22:5-20
MERGED from [com.android.support:support-v4:23.4.0] AndroidManifest.xml:22:5-20
MERGED from [com.android.support:support-vector-drawable:23.4.0] AndroidManifest.xml:7:5-20
MERGED from [com.android.support:support-v4:23.4.0] AndroidManifest.xml:22:5-20
MERGED from [com.android.support:support-v4:23.4.0] AndroidManifest.xml:22:5-20
MERGED from [com.android.volley:volley:1.0.0] AndroidManifest.xml:9:5-20
MERGED from [com.android.support:support-v4:23.4.0] AndroidManifest.xml:22:5-20
	android:label
		ADDED from src\main\AndroidManifest.xml:11:9-41
	android:supportsRtl
		ADDED from src\main\AndroidManifest.xml:12:9-35
	android:allowBackup
		ADDED from src\main\AndroidManifest.xml:9:9-35
	android:icon
		ADDED from src\main\AndroidManifest.xml:10:9-43
	android:theme
		ADDED from src\main\AndroidManifest.xml:13:9-40
activity#com.example.dell.medmax.Additem
ADDED from src\main\AndroidManifest.xml:14:9-17:50
	android:label
		ADDED from src\main\AndroidManifest.xml:16:13-59
	android:theme
		ADDED from src\main\AndroidManifest.xml:17:13-47
	android:name
		ADDED from src\main\AndroidManifest.xml:15:13-36
activity#com.example.dell.medmax.StartActivity
ADDED from src\main\AndroidManifest.xml:18:9-27:20
	android:label
		ADDED from src\main\AndroidManifest.xml:20:13-35
	android:theme
		ADDED from src\main\AndroidManifest.xml:21:13-56
	android:name
		ADDED from src\main\AndroidManifest.xml:19:13-42
intent-filter#android.intent.action.MAIN+android.intent.category.LAUNCHER
ADDED from src\main\AndroidManifest.xml:22:13-26:29
action#android.intent.action.MAIN
ADDED from src\main\AndroidManifest.xml:23:17-69
	android:name
		ADDED from src\main\AndroidManifest.xml:23:25-66
category#android.intent.category.LAUNCHER
ADDED from src\main\AndroidManifest.xml:25:17-77
	android:name
		ADDED from src\main\AndroidManifest.xml:25:27-74
activity#com.example.dell.medmax.ForgotEmail
ADDED from src\main\AndroidManifest.xml:28:9-31:59
	android:label
		ADDED from src\main\AndroidManifest.xml:30:13-59
	android:theme
		ADDED from src\main\AndroidManifest.xml:31:13-56
	android:name
		ADDED from src\main\AndroidManifest.xml:29:13-40
activity#com.example.dell.medmax.ForgotPassword
ADDED from src\main\AndroidManifest.xml:32:9-35:59
	android:label
		ADDED from src\main\AndroidManifest.xml:34:13-59
	android:theme
		ADDED from src\main\AndroidManifest.xml:35:13-56
	android:name
		ADDED from src\main\AndroidManifest.xml:33:13-43
activity#com.example.dell.medmax.LoginActivity
ADDED from src\main\AndroidManifest.xml:36:9-39:59
	android:label
		ADDED from src\main\AndroidManifest.xml:38:13-59
	android:theme
		ADDED from src\main\AndroidManifest.xml:39:13-56
	android:name
		ADDED from src\main\AndroidManifest.xml:37:13-42
activity#com.example.dell.medmax.RegisterActivity
ADDED from src\main\AndroidManifest.xml:40:9-43:59
	android:label
		ADDED from src\main\AndroidManifest.xml:42:13-59
	android:theme
		ADDED from src\main\AndroidManifest.xml:43:13-56
	android:name
		ADDED from src\main\AndroidManifest.xml:41:13-45
activity#com.example.dell.medmax.FirstActivity
ADDED from src\main\AndroidManifest.xml:44:9-47:47
	android:label
		ADDED from src\main\AndroidManifest.xml:46:13-59
	android:theme
		ADDED from src\main\AndroidManifest.xml:47:13-44
	android:name
		ADDED from src\main\AndroidManifest.xml:45:13-42
activity#com.example.dell.medmax.Editdelete
ADDED from src\main\AndroidManifest.xml:48:9-51:50
	android:label
		ADDED from src\main\AndroidManifest.xml:50:13-62
	android:theme
		ADDED from src\main\AndroidManifest.xml:51:13-47
	android:name
		ADDED from src\main\AndroidManifest.xml:49:13-39
activity#com.example.dell.medmax.ShopkeeperActivities.ShopkeeperMainActivity
ADDED from src\main\AndroidManifest.xml:52:9-55:47
	android:label
		ADDED from src\main\AndroidManifest.xml:54:13-67
	android:theme
		ADDED from src\main\AndroidManifest.xml:55:13-44
	android:name
		ADDED from src\main\AndroidManifest.xml:53:13-72
activity#com.example.dell.medmax.ShopkeeperActivities.PlaceOrder2Activity
ADDED from src\main\AndroidManifest.xml:56:9-64:20
	android:label
		ADDED from src\main\AndroidManifest.xml:58:13-38
	android:parentActivityName
		ADDED from src\main\AndroidManifest.xml:59:13-86
	android:theme
		ADDED from src\main\AndroidManifest.xml:60:13-44
	android:name
		ADDED from src\main\AndroidManifest.xml:57:13-69
meta-data#android.support.PARENT_ACTIVITY
ADDED from src\main\AndroidManifest.xml:61:13-63:103
	android:value
		ADDED from src\main\AndroidManifest.xml:63:17-100
	android:name
		ADDED from src\main\AndroidManifest.xml:62:17-63
activity#com.example.dell.medmax.ShopkeeperActivities.AboutVendorActivity
ADDED from src\main\AndroidManifest.xml:65:9-73:20
	android:label
		ADDED from src\main\AndroidManifest.xml:67:13-41
	android:parentActivityName
		ADDED from src\main\AndroidManifest.xml:68:13-86
	android:theme
		ADDED from src\main\AndroidManifest.xml:69:13-44
	android:name
		ADDED from src\main\AndroidManifest.xml:66:13-69
activity#com.example.dell.medmax.ShopkeeperActivities.FinalPlaceOrderActivity
ADDED from src\main\AndroidManifest.xml:74:9-82:20
	android:label
		ADDED from src\main\AndroidManifest.xml:76:13-69
	android:parentActivityName
		ADDED from src\main\AndroidManifest.xml:77:13-86
	android:theme
		ADDED from src\main\AndroidManifest.xml:78:13-44
	android:name
		ADDED from src\main\AndroidManifest.xml:75:13-73
activity#com.example.dell.medmax.ShopkeeperActivities.OrderInfoActivity
ADDED from src\main\AndroidManifest.xml:83:9-85
	android:name
		ADDED from src\main\AndroidManifest.xml:83:19-73
uses-sdk
INJECTED from src\main\AndroidManifest.xml reason: use-sdk injection requested
MERGED from [com.android.support:appcompat-v7:23.4.0] AndroidManifest.xml:21:5-23:78
MERGED from [com.android.support:animated-vector-drawable:23.4.0] AndroidManifest.xml:5:5-44
MERGED from [com.android.support:support-vector-drawable:23.4.0] AndroidManifest.xml:5:5-43
MERGED from [com.android.support:support-v4:23.4.0] AndroidManifest.xml:20:5-43
MERGED from [com.android.support:support-v4:23.4.0] AndroidManifest.xml:20:5-43
MERGED from [com.android.support:support-vector-drawable:23.4.0] AndroidManifest.xml:5:5-43
MERGED from [com.android.support:support-v4:23.4.0] AndroidManifest.xml:20:5-43
MERGED from [com.android.support:design:23.4.0] AndroidManifest.xml:20:5-43
MERGED from [com.android.support:recyclerview-v7:23.4.0] AndroidManifest.xml:20:5-43
MERGED from [com.android.support:support-v4:23.4.0] AndroidManifest.xml:20:5-43
MERGED from [com.android.support:appcompat-v7:23.4.0] AndroidManifest.xml:21:5-23:78
MERGED from [com.android.support:animated-vector-drawable:23.4.0] AndroidManifest.xml:5:5-44
MERGED from [com.android.support:support-vector-drawable:23.4.0] AndroidManifest.xml:5:5-43
MERGED from [com.android.support:support-v4:23.4.0] AndroidManifest.xml:20:5-43
MERGED from [com.android.support:support-v4:23.4.0] AndroidManifest.xml:20:5-43
MERGED from [com.android.support:support-vector-drawable:23.4.0] AndroidManifest.xml:5:5-43
MERGED from [com.android.support:support-v4:23.4.0] AndroidManifest.xml:20:5-43
MERGED from [com.android.support:support-v4:23.4.0] AndroidManifest.xml:20:5-43
MERGED from [com.android.volley:volley:1.0.0] AndroidManifest.xml:7:5-43
MERGED from [com.android.support:support-v4:23.4.0] AndroidManifest.xml:20:5-43
	tools:overrideLibrary
		ADDED from [com.android.support:appcompat-v7:23.4.0] AndroidManifest.xml:23:9-75
	android:targetSdkVersion
		INJECTED from src\main\AndroidManifest.xml
		INJECTED from src\main\AndroidManifest.xml
	android:minSdkVersion
		INJECTED from src\main\AndroidManifest.xml
		INJECTED from src\main\AndroidManifest.xml